WARNING:tensorflow:From /home/lixiang/miniconda3_old/envs/data_diet/lib/python3.7/site-packages/tensorflow_datasets/core/dataset_builder.py:622: get_single_element (from tensorflow.python.data.experimental.ops.get_single_element) is deprecated and will be removed in a future version.
Instructions for updating:
Use `tf.data.Dataset.get_single_element()`.
load cifar100... 7s
get train state... 13s
train args:
{
    "data_dir": "/home/lixiang/baseline/data_diet/data",
    "dataset": "cifar100",
    "subset": null,
    "subset_size": null,
    "scores_path": null,
    "subset_offset": null,
    "random_subset_seed": null,
    "model": "resnet18_lowres",
    "model_seed": 288,
    "load_dir": null,
    "ckpt": 0,
    "lr": 0.1,
    "beta": 0.9,
    "weight_decay": 0.0005,
    "nesterov": true,
    "lr_vitaly": false,
    "decay_factor": 0.2,
    "decay_steps": [
        93780,
        187560,
        250080
    ],
    "num_steps": 312600,
    "train_seed": 288,
    "train_batch_size": 32,
    "test_batch_size": 128,
    "augment": true,
    "track_forgetting": true,
    "save_dir": "/home/lixiang/baseline/data_diet/exps/formal_cifar100_seed96_E200_b32_k6/run_2",
    "log_steps": 1563,
    "early_step": 0,
    "early_save_steps": null,
    "save_steps": 1563,
    "image_shape": [
        32,
        32,
        3
    ],
    "num_classes": 100,
    "num_train_examples": 50000,
    "num_test_examples": 10000,
    "steps_per_epoch": 1562,
    "steps_per_test": 79,
    "random_label_fraction": 0,
    "num_params": 11220132
}
Save args to /home/lixiang/baseline/data_diet/exps/formal_cifar100_seed96_E200_b32_k6/run_2/args.json
train net...
  0.00% | time:  20.4s (  0.3m) | step:      0 | lr:   init | train acc:  init | test acc: 0.009
  0.50% | time: 109.2s (  2.2m) | step:   1563 | lr: 0.1000 | train acc: 0.125 | test acc: 0.140
  1.00% | time:  86.9s (  3.6m) | step:   3126 | lr: 0.1000 | train acc: 0.281 | test acc: 0.234
  1.50% | time:  86.5s (  5.1m) | step:   4689 | lr: 0.1000 | train acc: 0.219 | test acc: 0.271
  2.00% | time:  85.2s (  6.5m) | step:   6252 | lr: 0.1000 | train acc: 0.375 | test acc: 0.338
  2.50% | time:  88.2s (  7.9m) | step:   7815 | lr: 0.1000 | train acc: 0.375 | test acc: 0.327
  3.00% | time:  88.1s (  9.4m) | step:   9378 | lr: 0.1000 | train acc: 0.438 | test acc: 0.424
  3.50% | time:  86.5s ( 10.8m) | step:  10941 | lr: 0.1000 | train acc: 0.469 | test acc: 0.415
  4.00% | time:  86.2s ( 12.3m) | step:  12504 | lr: 0.1000 | train acc: 0.531 | test acc: 0.420
  4.50% | time:  88.5s ( 13.8m) | step:  14067 | lr: 0.1000 | train acc: 0.438 | test acc: 0.436
  5.00% | time:  86.9s ( 15.2m) | step:  15630 | lr: 0.1000 | train acc: 0.719 | test acc: 0.450
  5.50% | time:  83.7s ( 16.6m) | step:  17193 | lr: 0.1000 | train acc: 0.469 | test acc: 0.427
  6.00% | time:  86.9s ( 18.1m) | step:  18756 | lr: 0.1000 | train acc: 0.469 | test acc: 0.450
  6.50% | time:  87.9s ( 19.5m) | step:  20319 | lr: 0.1000 | train acc: 0.438 | test acc: 0.428
  7.00% | time:  86.9s ( 21.0m) | step:  21882 | lr: 0.1000 | train acc: 0.406 | test acc: 0.465
  7.50% | time:  84.5s ( 22.4m) | step:  23445 | lr: 0.1000 | train acc: 0.375 | test acc: 0.456
  8.00% | time:  85.5s ( 23.8m) | step:  25008 | lr: 0.1000 | train acc: 0.406 | test acc: 0.447
  8.50% | time:  86.1s ( 25.2m) | step:  26571 | lr: 0.1000 | train acc: 0.469 | test acc: 0.349
  9.00% | time:  83.6s ( 26.6m) | step:  28134 | lr: 0.1000 | train acc: 0.531 | test acc: 0.456
  9.50% | time:  84.6s ( 28.0m) | step:  29697 | lr: 0.1000 | train acc: 0.531 | test acc: 0.461
 10.00% | time:  83.7s ( 29.4m) | step:  31260 | lr: 0.1000 | train acc: 0.500 | test acc: 0.451
 10.50% | time:  85.4s ( 30.9m) | step:  32823 | lr: 0.1000 | train acc: 0.469 | test acc: 0.471
 11.00% | time:  85.5s ( 32.3m) | step:  34386 | lr: 0.1000 | train acc: 0.531 | test acc: 0.448
 11.50% | time:  85.5s ( 33.7m) | step:  35949 | lr: 0.1000 | train acc: 0.500 | test acc: 0.469
 12.00% | time:  85.7s ( 35.1m) | step:  37512 | lr: 0.1000 | train acc: 0.531 | test acc: 0.426
 12.50% | time:  84.7s ( 36.5m) | step:  39075 | lr: 0.1000 | train acc: 0.500 | test acc: 0.416
 13.00% | time:  85.4s ( 38.0m) | step:  40638 | lr: 0.1000 | train acc: 0.469 | test acc: 0.421
 13.50% | time:  86.5s ( 39.4m) | step:  42201 | lr: 0.1000 | train acc: 0.594 | test acc: 0.464
 14.00% | time:  89.1s ( 40.9m) | step:  43764 | lr: 0.1000 | train acc: 0.531 | test acc: 0.457
 14.50% | time:  86.2s ( 42.3m) | step:  45327 | lr: 0.1000 | train acc: 0.469 | test acc: 0.486
 15.00% | time:  86.1s ( 43.8m) | step:  46890 | lr: 0.1000 | train acc: 0.531 | test acc: 0.448
 15.50% | time:  85.3s ( 45.2m) | step:  48453 | lr: 0.1000 | train acc: 0.438 | test acc: 0.462
 16.00% | time:  84.3s ( 46.6m) | step:  50016 | lr: 0.1000 | train acc: 0.562 | test acc: 0.441
 16.50% | time:  86.2s ( 48.0m) | step:  51579 | lr: 0.1000 | train acc: 0.500 | test acc: 0.461
 17.00% | time:  85.2s ( 49.4m) | step:  53142 | lr: 0.1000 | train acc: 0.438 | test acc: 0.458
 17.50% | time:  89.5s ( 50.9m) | step:  54705 | lr: 0.1000 | train acc: 0.438 | test acc: 0.475
 18.00% | time:  87.6s ( 52.4m) | step:  56268 | lr: 0.1000 | train acc: 0.469 | test acc: 0.472
 18.50% | time:  85.0s ( 53.8m) | step:  57831 | lr: 0.1000 | train acc: 0.469 | test acc: 0.449
 19.00% | time:  85.4s ( 55.2m) | step:  59394 | lr: 0.1000 | train acc: 0.625 | test acc: 0.450
 19.50% | time:  85.3s ( 56.7m) | step:  60957 | lr: 0.1000 | train acc: 0.375 | test acc: 0.477
 20.00% | time:  86.0s ( 58.1m) | step:  62520 | lr: 0.1000 | train acc: 0.438 | test acc: 0.415
 20.50% | time:  87.0s ( 59.5m) | step:  64083 | lr: 0.1000 | train acc: 0.438 | test acc: 0.459
 21.00% | time:  85.9s ( 61.0m) | step:  65646 | lr: 0.1000 | train acc: 0.500 | test acc: 0.473
 21.50% | time:  87.0s ( 62.4m) | step:  67209 | lr: 0.1000 | train acc: 0.625 | test acc: 0.476
 22.00% | time:  86.8s ( 63.9m) | step:  68772 | lr: 0.1000 | train acc: 0.656 | test acc: 0.411
 22.50% | time:  86.3s ( 65.3m) | step:  70335 | lr: 0.1000 | train acc: 0.562 | test acc: 0.405
 23.00% | time:  85.1s ( 66.7m) | step:  71898 | lr: 0.1000 | train acc: 0.500 | test acc: 0.437
 23.50% | time:  86.4s ( 68.2m) | step:  73461 | lr: 0.1000 | train acc: 0.406 | test acc: 0.463
 24.00% | time:  86.4s ( 69.6m) | step:  75024 | lr: 0.1000 | train acc: 0.531 | test acc: 0.444
 24.50% | time:  87.4s ( 71.1m) | step:  76587 | lr: 0.1000 | train acc: 0.562 | test acc: 0.434
 25.00% | time:  84.8s ( 72.5m) | step:  78150 | lr: 0.1000 | train acc: 0.500 | test acc: 0.433
 25.50% | time:  87.4s ( 73.9m) | step:  79713 | lr: 0.1000 | train acc: 0.469 | test acc: 0.479
 26.00% | time:  87.2s ( 75.4m) | step:  81276 | lr: 0.1000 | train acc: 0.438 | test acc: 0.414
 26.50% | time:  87.6s ( 76.8m) | step:  82839 | lr: 0.1000 | train acc: 0.406 | test acc: 0.420
 27.00% | time:  85.6s ( 78.3m) | step:  84402 | lr: 0.1000 | train acc: 0.438 | test acc: 0.412
 27.50% | time:  86.6s ( 79.7m) | step:  85965 | lr: 0.1000 | train acc: 0.438 | test acc: 0.466
 28.00% | time:  86.8s ( 81.2m) | step:  87528 | lr: 0.1000 | train acc: 0.406 | test acc: 0.471
 28.50% | time:  85.6s ( 82.6m) | step:  89091 | lr: 0.1000 | train acc: 0.562 | test acc: 0.458
 29.00% | time:  85.6s ( 84.0m) | step:  90654 | lr: 0.1000 | train acc: 0.500 | test acc: 0.471
 29.50% | time:  86.5s ( 85.5m) | step:  92217 | lr: 0.1000 | train acc: 0.469 | test acc: 0.445
 30.00% | time:  86.1s ( 86.9m) | step:  93780 | lr: 0.1000 | train acc: 0.562 | test acc: 0.451
 30.50% | time:  86.1s ( 88.3m) | step:  95343 | lr: 0.0200 | train acc: 0.750 | test acc: 0.637
 31.00% | time:  88.5s ( 89.8m) | step:  96906 | lr: 0.0200 | train acc: 0.594 | test acc: 0.646
Traceback (most recent call last):
  File "<stdin>", line 42, in <module>
  File "/home/lixiang/baseline/data_diet/data_diet/train.py", line 133, in train
    state, logits, loss, acc = train_step(state, x, y, lr(t))
ValueError: RESOURCE_EXHAUSTED: Failed to allocate request for 126.91MiB (133073824B) on device ordinal 0
BufferAssignment OOM Debugging.
BufferAssignment stats:
             parameter allocation:   86.03MiB
              constant allocation:        12B
        maybe_live_out allocation:   85.65MiB
     preallocated temp allocation:  126.91MiB
  preallocated temp fragmentation:   768.0KiB (0.59%)
                 total allocation:  298.59MiB
              total fragmentation:    9.49MiB (3.18%)
Peak buffers:
	Buffer 1:
		Size: 9.00MiB
		Entry Parameter Subshape: f32[3,3,512,512]
		==========================

	Buffer 2:
		Size: 9.00MiB
		Entry Parameter Subshape: f32[3,3,512,512]
		==========================

	Buffer 3:
		Size: 9.00MiB
		Entry Parameter Subshape: f32[3,3,512,512]
		==========================

	Buffer 4:
		Size: 9.00MiB
		Entry Parameter Subshape: f32[3,3,512,512]
		==========================

	Buffer 5:
		Size: 9.00MiB
		Entry Parameter Subshape: f32[3,3,512,512]
		==========================

	Buffer 6:
		Size: 9.00MiB
		Entry Parameter Subshape: f32[3,3,512,512]
		==========================

	Buffer 7:
		Size: 9.00MiB
		XLA Label: fusion
		Shape: f32[3,3,512,512]
		==========================

	Buffer 8:
		Size: 9.00MiB
		XLA Label: fusion
		Shape: f32[3,3,512,512]
		==========================

	Buffer 9:
		Size: 9.00MiB
		XLA Label: fusion
		Shape: f32[3,3,512,512]
		==========================

	Buffer 10:
		Size: 9.00MiB
		XLA Label: fusion
		Shape: f32[3,3,512,512]
		==========================

	Buffer 11:
		Size: 9.00MiB
		XLA Label: fusion
		Shape: f32[3,3,512,512]
		==========================

	Buffer 12:
		Size: 9.00MiB
		XLA Label: fusion
		Shape: f32[3,3,512,512]
		==========================

	Buffer 13:
		Size: 8.00MiB
		Operator: op_name="jit(train_step)/jit(main)/conv_general_dilated[window_strides=(1, 1) padding=((1, 1), (1, 1)) lhs_dilation=(1, 1) rhs_dilation=(1, 1) dimension_numbers=ConvDimensionNumbers(lhs_spec=(0, 3, 1, 2), rhs_spec=(3, 2, 0, 1), out_spec=(0, 3, 1, 2)) feature_group_count=1 batch_group_count=1 lhs_shape=(32, 32, 32, 64) rhs_shape=(3, 3, 64, 64) precision=None preferred_element_type=None]" source_file="/home/lixiang/baseline/data_diet/data_diet/models.py" source_line=51
		XLA Label: custom-call
		Shape: f32[32,64,32,32]
		==========================

	Buffer 14:
		Size: 8.00MiB
		Operator: op_name="jit(train_step)/jit(main)/jvp(jit(relu))/max" source_file="/home/lixiang/baseline/data_diet/data_diet/models.py" source_line=50
		XLA Label: fusion
		Shape: f32[32,64,32,32]
		==========================

	Buffer 15:
		Size: 8.00MiB
		Operator: op_name="jit(train_step)/jit(main)/conv_general_dilated[window_strides=(1, 1) padding=((1, 1), (1, 1)) lhs_dilation=(1, 1) rhs_dilation=(1, 1) dimension_numbers=ConvDimensionNumbers(lhs_spec=(0, 3, 1, 2), rhs_spec=(3, 2, 0, 1), out_spec=(0, 3, 1, 2)) feature_group_count=1 batch_group_count=1 lhs_shape=(32, 32, 32, 64) rhs_shape=(3, 3, 64, 64) precision=None preferred_element_type=None]" source_file="/home/lixiang/baseline/data_diet/data_diet/models.py" source_line=48
		XLA Label: custom-call
		Shape: f32[32,64,32,32]
		==========================


