WARNING:tensorflow:From /home/lixiang/miniconda3_old/envs/data_diet/lib/python3.7/site-packages/tensorflow_datasets/core/dataset_builder.py:622: get_single_element (from tensorflow.python.data.experimental.ops.get_single_element) is deprecated and will be removed in a future version.
Instructions for updating:
Use `tf.data.Dataset.get_single_element()`.
load cifar10... 14s
get train state... 13s
train args:
{
    "data_dir": "/home/lixiang/baseline/data_diet/data",
    "dataset": "cifar10",
    "subset": null,
    "subset_size": null,
    "scores_path": null,
    "subset_offset": null,
    "random_subset_seed": null,
    "model": "resnet18_lowres",
    "model_seed": 88,
    "load_dir": null,
    "ckpt": 0,
    "lr": 0.1,
    "beta": 0.9,
    "weight_decay": 0.0005,
    "nesterov": true,
    "lr_vitaly": false,
    "decay_factor": 0.2,
    "decay_steps": [
        93780,
        187560,
        250080
    ],
    "num_steps": 312600,
    "train_seed": 88,
    "train_batch_size": 32,
    "test_batch_size": 128,
    "augment": true,
    "track_forgetting": true,
    "save_dir": "/home/lixiang/baseline/data_diet/exps/formal_cifar10_seed22_E200_b32_k8/run_3",
    "log_steps": 1563,
    "early_step": 0,
    "early_save_steps": null,
    "save_steps": 1563,
    "image_shape": [
        32,
        32,
        3
    ],
    "num_classes": 10,
    "num_train_examples": 50000,
    "num_test_examples": 10000,
    "steps_per_epoch": 1562,
    "steps_per_test": 79,
    "random_label_fraction": 0,
    "num_params": 11173962
}
Save args to /home/lixiang/baseline/data_diet/exps/formal_cifar10_seed22_E200_b32_k8/run_3/args.json
train net...
  0.00% | time:  20.3s (  0.3m) | step:      0 | lr:   init | train acc:  init | test acc: 0.097
  0.50% | time: 118.3s (  2.3m) | step:   1563 | lr: 0.1000 | train acc: 0.656 | test acc: 0.449
  1.00% | time: 103.1s (  4.0m) | step:   3126 | lr: 0.1000 | train acc: 0.469 | test acc: 0.511
  1.50% | time: 108.0s (  5.8m) | step:   4689 | lr: 0.1000 | train acc: 0.688 | test acc: 0.605
  2.00% | time: 108.0s (  7.6m) | step:   6252 | lr: 0.1000 | train acc: 0.625 | test acc: 0.721
  2.50% | time: 107.3s (  9.4m) | step:   7815 | lr: 0.1000 | train acc: 0.562 | test acc: 0.701
  3.00% | time: 107.1s ( 11.2m) | step:   9378 | lr: 0.1000 | train acc: 0.719 | test acc: 0.745
  3.50% | time: 107.1s ( 13.0m) | step:  10941 | lr: 0.1000 | train acc: 0.688 | test acc: 0.728
  4.00% | time: 107.1s ( 14.8m) | step:  12504 | lr: 0.1000 | train acc: 0.781 | test acc: 0.707
  4.50% | time: 106.9s ( 16.6m) | step:  14067 | lr: 0.1000 | train acc: 0.688 | test acc: 0.762
  5.00% | time: 106.2s ( 18.3m) | step:  15630 | lr: 0.1000 | train acc: 0.562 | test acc: 0.740
  5.50% | time: 106.8s ( 20.1m) | step:  17193 | lr: 0.1000 | train acc: 0.750 | test acc: 0.749
  6.00% | time: 107.5s ( 21.9m) | step:  18756 | lr: 0.1000 | train acc: 0.719 | test acc: 0.717
  6.50% | time: 106.8s ( 23.7m) | step:  20319 | lr: 0.1000 | train acc: 0.812 | test acc: 0.735
  7.00% | time: 107.1s ( 25.5m) | step:  21882 | lr: 0.1000 | train acc: 0.812 | test acc: 0.750
  7.50% | time: 107.4s ( 27.2m) | step:  23445 | lr: 0.1000 | train acc: 0.750 | test acc: 0.735
  8.00% | time: 107.0s ( 29.0m) | step:  25008 | lr: 0.1000 | train acc: 0.781 | test acc: 0.756
  8.50% | time: 106.6s ( 30.8m) | step:  26571 | lr: 0.1000 | train acc: 0.781 | test acc: 0.780
  9.00% | time: 106.5s ( 32.6m) | step:  28134 | lr: 0.1000 | train acc: 0.750 | test acc: 0.733
  9.50% | time: 107.2s ( 34.4m) | step:  29697 | lr: 0.1000 | train acc: 0.688 | test acc: 0.691
 10.00% | time: 106.8s ( 36.1m) | step:  31260 | lr: 0.1000 | train acc: 0.875 | test acc: 0.750
 10.50% | time: 107.7s ( 37.9m) | step:  32823 | lr: 0.1000 | train acc: 0.656 | test acc: 0.728
 11.00% | time: 107.1s ( 39.7m) | step:  34386 | lr: 0.1000 | train acc: 0.844 | test acc: 0.755
 11.50% | time: 107.0s ( 41.5m) | step:  35949 | lr: 0.1000 | train acc: 0.781 | test acc: 0.744
 12.00% | time: 106.7s ( 43.3m) | step:  37512 | lr: 0.1000 | train acc: 0.719 | test acc: 0.696
 12.50% | time: 107.8s ( 45.1m) | step:  39075 | lr: 0.1000 | train acc: 0.875 | test acc: 0.752
 13.00% | time: 106.7s ( 46.9m) | step:  40638 | lr: 0.1000 | train acc: 0.719 | test acc: 0.731
 13.50% | time: 106.2s ( 48.6m) | step:  42201 | lr: 0.1000 | train acc: 0.750 | test acc: 0.690
 14.00% | time: 106.9s ( 50.4m) | step:  43764 | lr: 0.1000 | train acc: 0.844 | test acc: 0.746
 14.50% | time: 106.2s ( 52.2m) | step:  45327 | lr: 0.1000 | train acc: 0.656 | test acc: 0.762
 15.00% | time: 106.7s ( 54.0m) | step:  46890 | lr: 0.1000 | train acc: 0.750 | test acc: 0.707
 15.50% | time: 106.8s ( 55.7m) | step:  48453 | lr: 0.1000 | train acc: 0.688 | test acc: 0.728
 16.00% | time: 106.6s ( 57.5m) | step:  50016 | lr: 0.1000 | train acc: 0.719 | test acc: 0.773
 16.50% | time: 106.8s ( 59.3m) | step:  51579 | lr: 0.1000 | train acc: 0.906 | test acc: 0.653
 17.00% | time: 141.0s ( 61.7m) | step:  53142 | lr: 0.1000 | train acc: 0.750 | test acc: 0.757
 17.50% | time: 106.6s ( 63.4m) | step:  54705 | lr: 0.1000 | train acc: 0.875 | test acc: 0.708
 18.00% | time: 107.3s ( 65.2m) | step:  56268 | lr: 0.1000 | train acc: 0.750 | test acc: 0.759
 18.50% | time: 124.8s ( 67.3m) | step:  57831 | lr: 0.1000 | train acc: 0.750 | test acc: 0.698
 19.00% | time: 106.1s ( 69.1m) | step:  59394 | lr: 0.1000 | train acc: 0.750 | test acc: 0.758
 19.50% | time: 107.6s ( 70.9m) | step:  60957 | lr: 0.1000 | train acc: 0.844 | test acc: 0.736
 20.00% | time: 139.0s ( 73.2m) | step:  62520 | lr: 0.1000 | train acc: 0.688 | test acc: 0.724
 20.50% | time: 106.1s ( 74.9m) | step:  64083 | lr: 0.1000 | train acc: 0.656 | test acc: 0.744
 21.00% | time: 111.4s ( 76.8m) | step:  65646 | lr: 0.1000 | train acc: 0.688 | test acc: 0.730
 21.50% | time: 104.7s ( 78.5m) | step:  67209 | lr: 0.1000 | train acc: 0.781 | test acc: 0.786
 22.00% | time: 104.7s ( 80.3m) | step:  68772 | lr: 0.1000 | train acc: 0.656 | test acc: 0.707
 22.50% | time: 104.5s ( 82.0m) | step:  70335 | lr: 0.1000 | train acc: 0.812 | test acc: 0.754
 23.00% | time: 104.2s ( 83.8m) | step:  71898 | lr: 0.1000 | train acc: 0.750 | test acc: 0.759
 23.50% | time: 105.7s ( 85.5m) | step:  73461 | lr: 0.1000 | train acc: 0.844 | test acc: 0.725
 24.00% | time: 102.9s ( 87.2m) | step:  75024 | lr: 0.1000 | train acc: 0.844 | test acc: 0.792
 24.50% | time: 105.3s ( 89.0m) | step:  76587 | lr: 0.1000 | train acc: 0.781 | test acc: 0.727
 25.00% | time: 112.3s ( 90.9m) | step:  78150 | lr: 0.1000 | train acc: 0.719 | test acc: 0.756
 25.50% | time: 128.7s ( 93.0m) | step:  79713 | lr: 0.1000 | train acc: 0.875 | test acc: 0.721
 26.00% | time: 104.8s ( 94.8m) | step:  81276 | lr: 0.1000 | train acc: 0.844 | test acc: 0.762
 26.50% | time: 105.0s ( 96.5m) | step:  82839 | lr: 0.1000 | train acc: 0.781 | test acc: 0.749
 27.00% | time: 104.4s ( 98.3m) | step:  84402 | lr: 0.1000 | train acc: 0.781 | test acc: 0.680
 27.50% | time: 104.6s (100.0m) | step:  85965 | lr: 0.1000 | train acc: 0.844 | test acc: 0.714
 28.00% | time: 106.5s (101.8m) | step:  87528 | lr: 0.1000 | train acc: 0.844 | test acc: 0.795
 28.50% | time: 105.8s (103.5m) | step:  89091 | lr: 0.1000 | train acc: 0.812 | test acc: 0.738
 29.00% | time: 100.5s (105.2m) | step:  90654 | lr: 0.1000 | train acc: 0.812 | test acc: 0.778
 29.50% | time: 109.6s (107.0m) | step:  92217 | lr: 0.1000 | train acc: 0.781 | test acc: 0.751
 30.00% | time: 104.8s (108.8m) | step:  93780 | lr: 0.1000 | train acc: 0.906 | test acc: 0.783
 30.50% | time: 107.4s (110.6m) | step:  95343 | lr: 0.0200 | train acc: 0.812 | test acc: 0.865
 31.00% | time: 104.3s (112.3m) | step:  96906 | lr: 0.0200 | train acc: 0.969 | test acc: 0.885
 31.50% | time: 104.5s (114.1m) | step:  98469 | lr: 0.0200 | train acc: 0.938 | test acc: 0.884
 32.00% | time: 103.5s (115.8m) | step: 100032 | lr: 0.0200 | train acc: 0.906 | test acc: 0.883
 32.50% | time: 101.3s (117.5m) | step: 101595 | lr: 0.0200 | train acc: 0.906 | test acc: 0.845
 33.00% | time: 101.7s (119.2m) | step: 103158 | lr: 0.0200 | train acc: 0.812 | test acc: 0.873
 33.50% | time: 104.2s (120.9m) | step: 104721 | lr: 0.0200 | train acc: 0.875 | test acc: 0.877
 34.00% | time: 104.1s (122.6m) | step: 106284 | lr: 0.0200 | train acc: 0.938 | test acc: 0.834
 34.50% | time: 104.5s (124.4m) | step: 107847 | lr: 0.0200 | train acc: 0.969 | test acc: 0.874
 35.00% | time: 104.2s (126.1m) | step: 109410 | lr: 0.0200 | train acc: 0.938 | test acc: 0.877
 35.50% | time: 104.1s (127.8m) | step: 110973 | lr: 0.0200 | train acc: 0.938 | test acc: 0.875
 36.00% | time: 112.0s (129.7m) | step: 112536 | lr: 0.0200 | train acc: 0.969 | test acc: 0.874
 36.50% | time:  99.0s (131.4m) | step: 114099 | lr: 0.0200 | train acc: 0.875 | test acc: 0.876
 37.00% | time: 125.6s (133.5m) | step: 115662 | lr: 0.0200 | train acc: 0.844 | test acc: 0.862
 37.50% | time: 102.2s (135.2m) | step: 117225 | lr: 0.0200 | train acc: 0.875 | test acc: 0.880
 38.00% | time: 114.4s (137.1m) | step: 118788 | lr: 0.0200 | train acc: 0.938 | test acc: 0.867
 38.50% | time: 104.4s (138.8m) | step: 120351 | lr: 0.0200 | train acc: 0.938 | test acc: 0.883
 39.00% | time: 105.0s (140.6m) | step: 121914 | lr: 0.0200 | train acc: 0.906 | test acc: 0.869
 39.50% | time: 104.8s (142.3m) | step: 123477 | lr: 0.0200 | train acc: 0.906 | test acc: 0.878
 40.00% | time: 104.4s (144.0m) | step: 125040 | lr: 0.0200 | train acc: 0.938 | test acc: 0.871
 40.50% | time: 106.0s (145.8m) | step: 126603 | lr: 0.0200 | train acc: 0.875 | test acc: 0.884
 41.00% | time: 106.0s (147.6m) | step: 128166 | lr: 0.0200 | train acc: 0.969 | test acc: 0.875
 41.50% | time:  98.9s (149.2m) | step: 129729 | lr: 0.0200 | train acc: 0.781 | test acc: 0.862
 42.00% | time: 106.4s (151.0m) | step: 131292 | lr: 0.0200 | train acc: 0.906 | test acc: 0.880
 42.50% | time: 107.1s (152.8m) | step: 132855 | lr: 0.0200 | train acc: 0.906 | test acc: 0.889
 43.00% | time: 106.1s (154.6m) | step: 134418 | lr: 0.0200 | train acc: 0.969 | test acc: 0.894
 43.50% | time: 106.3s (156.3m) | step: 135981 | lr: 0.0200 | train acc: 0.969 | test acc: 0.853
 44.00% | time: 105.8s (158.1m) | step: 137544 | lr: 0.0200 | train acc: 0.906 | test acc: 0.884
 44.50% | time: 104.8s (159.8m) | step: 139107 | lr: 0.0200 | train acc: 0.844 | test acc: 0.871
 45.00% | time: 104.2s (161.6m) | step: 140670 | lr: 0.0200 | train acc: 0.938 | test acc: 0.891
 45.50% | time: 101.3s (163.3m) | step: 142233 | lr: 0.0200 | train acc: 0.875 | test acc: 0.889
 46.00% | time: 104.5s (165.0m) | step: 143796 | lr: 0.0200 | train acc: 0.938 | test acc: 0.883
 46.50% | time: 103.7s (166.7m) | step: 145359 | lr: 0.0200 | train acc: 0.969 | test acc: 0.881
 47.00% | time: 105.0s (168.5m) | step: 146922 | lr: 0.0200 | train acc: 0.969 | test acc: 0.868
 47.50% | time: 104.8s (170.2m) | step: 148485 | lr: 0.0200 | train acc: 0.938 | test acc: 0.885
 48.00% | time: 104.4s (172.0m) | step: 150048 | lr: 0.0200 | train acc: 0.875 | test acc: 0.874
 48.50% | time: 104.0s (173.7m) | step: 151611 | lr: 0.0200 | train acc: 0.906 | test acc: 0.887
 49.00% | time: 122.9s (175.8m) | step: 153174 | lr: 0.0200 | train acc: 0.969 | test acc: 0.881
 49.50% | time:  96.3s (177.4m) | step: 154737 | lr: 0.0200 | train acc: 1.000 | test acc: 0.895
 50.00% | time: 105.4s (179.1m) | step: 156300 | lr: 0.0200 | train acc: 0.906 | test acc: 0.888
 50.50% | time: 105.8s (180.9m) | step: 157863 | lr: 0.0200 | train acc: 0.875 | test acc: 0.878
 51.00% | time: 104.6s (182.6m) | step: 159426 | lr: 0.0200 | train acc: 0.938 | test acc: 0.872
 51.50% | time: 106.4s (184.4m) | step: 160989 | lr: 0.0200 | train acc: 0.906 | test acc: 0.886
 52.00% | time: 106.1s (186.2m) | step: 162552 | lr: 0.0200 | train acc: 0.906 | test acc: 0.895
 52.50% | time: 105.6s (187.9m) | step: 164115 | lr: 0.0200 | train acc: 0.812 | test acc: 0.862
 53.00% | time: 105.6s (189.7m) | step: 165678 | lr: 0.0200 | train acc: 0.844 | test acc: 0.888
 53.50% | time:  97.1s (191.3m) | step: 167241 | lr: 0.0200 | train acc: 0.875 | test acc: 0.882
 54.00% | time: 105.6s (193.1m) | step: 168804 | lr: 0.0200 | train acc: 0.781 | test acc: 0.887
 54.50% | time: 105.4s (194.8m) | step: 170367 | lr: 0.0200 | train acc: 1.000 | test acc: 0.886
 55.00% | time: 105.2s (196.6m) | step: 171930 | lr: 0.0200 | train acc: 0.844 | test acc: 0.886
 55.50% | time: 105.3s (198.3m) | step: 173493 | lr: 0.0200 | train acc: 0.812 | test acc: 0.877
 56.00% | time: 105.8s (200.1m) | step: 175056 | lr: 0.0200 | train acc: 0.906 | test acc: 0.879
 56.50% | time: 107.2s (201.9m) | step: 176619 | lr: 0.0200 | train acc: 0.844 | test acc: 0.879
 57.00% | time: 107.3s (203.7m) | step: 178182 | lr: 0.0200 | train acc: 0.875 | test acc: 0.857
 57.50% | time:  97.0s (205.3m) | step: 179745 | lr: 0.0200 | train acc: 0.906 | test acc: 0.871
 58.00% | time: 103.8s (207.0m) | step: 181308 | lr: 0.0200 | train acc: 0.844 | test acc: 0.866
 58.50% | time: 102.9s (208.7m) | step: 182871 | lr: 0.0200 | train acc: 0.906 | test acc: 0.881
 59.00% | time: 103.4s (210.4m) | step: 184434 | lr: 0.0200 | train acc: 0.969 | test acc: 0.874
 59.50% | time: 101.3s (212.1m) | step: 185997 | lr: 0.0200 | train acc: 0.938 | test acc: 0.889
 60.00% | time: 102.6s (213.8m) | step: 187560 | lr: 0.0200 | train acc: 1.000 | test acc: 0.879
 60.50% | time:  89.0s (215.3m) | step: 189123 | lr: 0.0040 | train acc: 0.969 | test acc: 0.929
 61.00% | time:  92.8s (216.9m) | step: 190686 | lr: 0.0040 | train acc: 1.000 | test acc: 0.932
 61.50% | time:  91.2s (218.4m) | step: 192249 | lr: 0.0040 | train acc: 0.938 | test acc: 0.928
 62.00% | time:  91.1s (219.9m) | step: 193812 | lr: 0.0040 | train acc: 0.969 | test acc: 0.932
 62.50% | time:  82.4s (221.3m) | step: 195375 | lr: 0.0040 | train acc: 1.000 | test acc: 0.931
 63.00% | time:  90.7s (222.8m) | step: 196938 | lr: 0.0040 | train acc: 0.969 | test acc: 0.933
 63.50% | time:  91.9s (224.3m) | step: 198501 | lr: 0.0040 | train acc: 0.875 | test acc: 0.929
 64.00% | time:  89.6s (225.8m) | step: 200064 | lr: 0.0040 | train acc: 1.000 | test acc: 0.934
 64.50% | time:  81.4s (227.2m) | step: 201627 | lr: 0.0040 | train acc: 0.969 | test acc: 0.930
 65.00% | time:  92.9s (228.7m) | step: 203190 | lr: 0.0040 | train acc: 1.000 | test acc: 0.924
 65.50% | time:  91.2s (230.2m) | step: 204753 | lr: 0.0040 | train acc: 1.000 | test acc: 0.929
 66.00% | time:  91.3s (231.8m) | step: 206316 | lr: 0.0040 | train acc: 1.000 | test acc: 0.925
 66.50% | time:  81.6s (233.1m) | step: 207879 | lr: 0.0040 | train acc: 1.000 | test acc: 0.927
 67.00% | time:  91.2s (234.6m) | step: 209442 | lr: 0.0040 | train acc: 1.000 | test acc: 0.925
 67.50% | time:  91.2s (236.2m) | step: 211005 | lr: 0.0040 | train acc: 1.000 | test acc: 0.925
 68.00% | time:  91.1s (237.7m) | step: 212568 | lr: 0.0040 | train acc: 0.969 | test acc: 0.920
 68.50% | time:  82.0s (239.1m) | step: 214131 | lr: 0.0040 | train acc: 0.938 | test acc: 0.923
 69.00% | time: 124.5s (241.1m) | step: 215694 | lr: 0.0040 | train acc: 1.000 | test acc: 0.924
 69.50% | time:  91.3s (242.6m) | step: 217257 | lr: 0.0040 | train acc: 1.000 | test acc: 0.926
 70.00% | time:  93.2s (244.2m) | step: 218820 | lr: 0.0040 | train acc: 1.000 | test acc: 0.924
 70.50% | time: 163.4s (246.9m) | step: 220383 | lr: 0.0040 | train acc: 1.000 | test acc: 0.921
 71.00% | time:  89.8s (248.4m) | step: 221946 | lr: 0.0040 | train acc: 0.969 | test acc: 0.926
 71.50% | time:  90.3s (249.9m) | step: 223509 | lr: 0.0040 | train acc: 1.000 | test acc: 0.926
 72.00% | time:  80.2s (251.3m) | step: 225072 | lr: 0.0040 | train acc: 0.969 | test acc: 0.926
 72.50% | time:  90.2s (252.8m) | step: 226635 | lr: 0.0040 | train acc: 0.969 | test acc: 0.921
 73.00% | time:  90.1s (254.3m) | step: 228198 | lr: 0.0040 | train acc: 1.000 | test acc: 0.924
 73.50% | time:  89.3s (255.8m) | step: 229761 | lr: 0.0040 | train acc: 0.969 | test acc: 0.925
 74.00% | time:  79.3s (257.1m) | step: 231324 | lr: 0.0040 | train acc: 0.906 | test acc: 0.922
 74.50% | time:  89.9s (258.6m) | step: 232887 | lr: 0.0040 | train acc: 0.969 | test acc: 0.925
 75.00% | time:  89.4s (260.1m) | step: 234450 | lr: 0.0040 | train acc: 1.000 | test acc: 0.924
 75.50% | time:  84.4s (261.5m) | step: 236013 | lr: 0.0040 | train acc: 1.000 | test acc: 0.924
 76.00% | time:  86.1s (262.9m) | step: 237576 | lr: 0.0040 | train acc: 0.938 | test acc: 0.917
 76.50% | time:  90.6s (264.4m) | step: 239139 | lr: 0.0040 | train acc: 1.000 | test acc: 0.922
 77.00% | time:  90.8s (265.9m) | step: 240702 | lr: 0.0040 | train acc: 0.969 | test acc: 0.919
 77.50% | time:  91.4s (267.5m) | step: 242265 | lr: 0.0040 | train acc: 0.969 | test acc: 0.928
 78.00% | time:  85.0s (268.9m) | step: 243828 | lr: 0.0040 | train acc: 0.969 | test acc: 0.925
 78.50% | time:  89.8s (270.4m) | step: 245391 | lr: 0.0040 | train acc: 0.938 | test acc: 0.916
 79.00% | time:  89.7s (271.9m) | step: 246954 | lr: 0.0040 | train acc: 0.906 | test acc: 0.925
 79.50% | time:  79.5s (273.2m) | step: 248517 | lr: 0.0040 | train acc: 0.969 | test acc: 0.928
 80.00% | time:  90.0s (274.7m) | step: 250080 | lr: 0.0040 | train acc: 0.969 | test acc: 0.919
 80.50% | time:  91.2s (276.2m) | step: 251643 | lr: 0.0008 | train acc: 1.000 | test acc: 0.942
 81.00% | time:  89.6s (277.7m) | step: 253206 | lr: 0.0008 | train acc: 1.000 | test acc: 0.942
 81.50% | time:  80.7s (279.0m) | step: 254769 | lr: 0.0008 | train acc: 1.000 | test acc: 0.945
 82.00% | time:  91.1s (280.6m) | step: 256332 | lr: 0.0008 | train acc: 1.000 | test acc: 0.944
 82.50% | time:  89.9s (282.1m) | step: 257895 | lr: 0.0008 | train acc: 0.969 | test acc: 0.945
 83.00% | time:  89.9s (283.6m) | step: 259458 | lr: 0.0008 | train acc: 1.000 | test acc: 0.946
 83.50% | time:  80.5s (284.9m) | step: 261021 | lr: 0.0008 | train acc: 1.000 | test acc: 0.947
 84.00% | time:  90.5s (286.4m) | step: 262584 | lr: 0.0008 | train acc: 1.000 | test acc: 0.946
 84.50% | time:  89.1s (287.9m) | step: 264147 | lr: 0.0008 | train acc: 1.000 | test acc: 0.946
 85.00% | time:  80.0s (289.2m) | step: 265710 | lr: 0.0008 | train acc: 1.000 | test acc: 0.945
 85.50% | time:  91.0s (290.7m) | step: 267273 | lr: 0.0008 | train acc: 1.000 | test acc: 0.946
 86.00% | time:  92.7s (292.3m) | step: 268836 | lr: 0.0008 | train acc: 1.000 | test acc: 0.944
 86.50% | time:  90.8s (293.8m) | step: 270399 | lr: 0.0008 | train acc: 1.000 | test acc: 0.945
 87.00% | time:  81.0s (295.2m) | step: 271962 | lr: 0.0008 | train acc: 1.000 | test acc: 0.946
 87.50% | time:  90.3s (296.7m) | step: 273525 | lr: 0.0008 | train acc: 1.000 | test acc: 0.947
 88.00% | time:  90.3s (298.2m) | step: 275088 | lr: 0.0008 | train acc: 1.000 | test acc: 0.945
 88.50% | time:  90.8s (299.7m) | step: 276651 | lr: 0.0008 | train acc: 1.000 | test acc: 0.944
 89.00% | time:  81.0s (301.0m) | step: 278214 | lr: 0.0008 | train acc: 1.000 | test acc: 0.945
 89.50% | time:  90.6s (302.5m) | step: 279777 | lr: 0.0008 | train acc: 1.000 | test acc: 0.947
 90.00% | time:  88.8s (304.0m) | step: 281340 | lr: 0.0008 | train acc: 1.000 | test acc: 0.950
 90.50% | time:  79.5s (305.3m) | step: 282903 | lr: 0.0008 | train acc: 1.000 | test acc: 0.947
 91.00% | time:  90.7s (306.9m) | step: 284466 | lr: 0.0008 | train acc: 1.000 | test acc: 0.949
 91.50% | time:  90.2s (308.4m) | step: 286029 | lr: 0.0008 | train acc: 1.000 | test acc: 0.946
 92.00% | time:  90.4s (309.9m) | step: 287592 | lr: 0.0008 | train acc: 1.000 | test acc: 0.946
 92.50% | time:  79.5s (311.2m) | step: 289155 | lr: 0.0008 | train acc: 1.000 | test acc: 0.947
 93.00% | time:  90.0s (312.7m) | step: 290718 | lr: 0.0008 | train acc: 1.000 | test acc: 0.948
 93.50% | time:  89.5s (314.2m) | step: 292281 | lr: 0.0008 | train acc: 1.000 | test acc: 0.946
 94.00% | time:  90.3s (315.7m) | step: 293844 | lr: 0.0008 | train acc: 1.000 | test acc: 0.946
 94.50% | time:  79.6s (317.0m) | step: 295407 | lr: 0.0008 | train acc: 1.000 | test acc: 0.946
 95.00% | time:  96.1s (318.6m) | step: 296970 | lr: 0.0008 | train acc: 1.000 | test acc: 0.948
 95.50% | time:  90.5s (320.1m) | step: 298533 | lr: 0.0008 | train acc: 1.000 | test acc: 0.943
 96.00% | time:  90.2s (321.6m) | step: 300096 | lr: 0.0008 | train acc: 1.000 | test acc: 0.948
 96.50% | time:  79.9s (323.0m) | step: 301659 | lr: 0.0008 | train acc: 1.000 | test acc: 0.946
 97.00% | time:  91.4s (324.5m) | step: 303222 | lr: 0.0008 | train acc: 1.000 | test acc: 0.946
 97.50% | time:  90.1s (326.0m) | step: 304785 | lr: 0.0008 | train acc: 1.000 | test acc: 0.948
 98.00% | time:  79.6s (327.3m) | step: 306348 | lr: 0.0008 | train acc: 1.000 | test acc: 0.946
 98.50% | time:  90.2s (328.8m) | step: 307911 | lr: 0.0008 | train acc: 1.000 | test acc: 0.946
 99.00% | time:  91.3s (330.3m) | step: 309474 | lr: 0.0008 | train acc: 1.000 | test acc: 0.945
 99.50% | time:  90.3s (331.8m) | step: 311037 | lr: 0.0008 | train acc: 1.000 | test acc: 0.945
100.00% | time:  80.2s (333.2m) | step: 312600 | lr: 0.0008 | train acc: 1.000 | test acc: 0.944
Save record to /home/lixiang/baseline/data_diet/exps/formal_cifar10_seed22_E200_b32_k8/run_3/recorder.pkl
