WARNING:tensorflow:From /home/lixiang/miniconda3_old/envs/data_diet/lib/python3.7/site-packages/tensorflow_datasets/core/dataset_builder.py:622: get_single_element (from tensorflow.python.data.experimental.ops.get_single_element) is deprecated and will be removed in a future version.
Instructions for updating:
Use `tf.data.Dataset.get_single_element()`.
Load args from /home/lixiang/baseline/data_diet/exps/formal_cifar10_seed96_E200_b32_k6/run_3/args.json
load cifar10... 9s
get train state... load from /home/lixiang/baseline/data_diet/exps/formal_cifar10_seed96_E200_b32_k6/run_3/ckpts/checkpoint_31260... 13s
compute l2_error...
score batch 1 of 500
score batch 2 of 500
score batch 3 of 500
score batch 4 of 500
score batch 5 of 500
score batch 6 of 500
score batch 7 of 500
score batch 8 of 500
score batch 9 of 500
score batch 10 of 500
score batch 11 of 500
score batch 12 of 500
score batch 13 of 500
score batch 14 of 500
score batch 15 of 500
score batch 16 of 500
score batch 17 of 500
score batch 18 of 500
score batch 19 of 500
score batch 20 of 500
score batch 21 of 500
score batch 22 of 500
score batch 23 of 500
score batch 24 of 500
score batch 25 of 500
score batch 26 of 500
score batch 27 of 500
score batch 28 of 500
score batch 29 of 500
score batch 30 of 500
score batch 31 of 500
score batch 32 of 500
score batch 33 of 500
score batch 34 of 500
score batch 35 of 500
score batch 36 of 500
score batch 37 of 500
score batch 38 of 500
score batch 39 of 500
score batch 40 of 500
score batch 41 of 500
score batch 42 of 500
score batch 43 of 500
score batch 44 of 500
score batch 45 of 500
score batch 46 of 500
score batch 47 of 500
score batch 48 of 500
score batch 49 of 500
score batch 50 of 500
score batch 51 of 500
score batch 52 of 500
score batch 53 of 500
score batch 54 of 500
score batch 55 of 500
score batch 56 of 500
score batch 57 of 500
score batch 58 of 500
score batch 59 of 500
score batch 60 of 500
score batch 61 of 500
score batch 62 of 500
score batch 63 of 500
score batch 64 of 500
score batch 65 of 500
score batch 66 of 500
score batch 67 of 500
score batch 68 of 500
score batch 69 of 500
score batch 70 of 500
score batch 71 of 500
score batch 72 of 500
score batch 73 of 500
score batch 74 of 500
score batch 75 of 500
score batch 76 of 500
score batch 77 of 500
score batch 78 of 500
score batch 79 of 500
score batch 80 of 500
score batch 81 of 500
score batch 82 of 500
score batch 83 of 500
score batch 84 of 500
score batch 85 of 500
score batch 86 of 500
score batch 87 of 500
score batch 88 of 500
score batch 89 of 500
score batch 90 of 500
score batch 91 of 500
score batch 92 of 500
score batch 93 of 500
score batch 94 of 500
score batch 95 of 500
score batch 96 of 500
score batch 97 of 500
score batch 98 of 500
score batch 99 of 500
score batch 100 of 500
score batch 101 of 500
score batch 102 of 500
score batch 103 of 500
score batch 104 of 500
score batch 105 of 500
score batch 106 of 500
score batch 107 of 500
score batch 108 of 500
score batch 109 of 500
score batch 110 of 500
score batch 111 of 500
score batch 112 of 500
score batch 113 of 500
score batch 114 of 500
score batch 115 of 500
score batch 116 of 500
score batch 117 of 500
score batch 118 of 500
score batch 119 of 500
score batch 120 of 500
score batch 121 of 500
score batch 122 of 500
score batch 123 of 500
score batch 124 of 500
score batch 125 of 500
score batch 126 of 500
score batch 127 of 500
score batch 128 of 500
score batch 129 of 500
score batch 130 of 500
score batch 131 of 500
score batch 132 of 500
score batch 133 of 500
score batch 134 of 500
score batch 135 of 500
score batch 136 of 500
score batch 137 of 500
score batch 138 of 500
score batch 139 of 500
score batch 140 of 500
score batch 141 of 500
score batch 142 of 500
score batch 143 of 500
score batch 144 of 500
score batch 145 of 500
score batch 146 of 500
score batch 147 of 500
score batch 148 of 500
score batch 149 of 500
score batch 150 of 500
score batch 151 of 500
score batch 152 of 500
score batch 153 of 500
score batch 154 of 500
score batch 155 of 500
score batch 156 of 500
score batch 157 of 500
score batch 158 of 500
score batch 159 of 500
score batch 160 of 500
score batch 161 of 500
score batch 162 of 500
score batch 163 of 500
score batch 164 of 500
score batch 165 of 500
score batch 166 of 500
score batch 167 of 500
score batch 168 of 500
score batch 169 of 500
score batch 170 of 500
score batch 171 of 500
score batch 172 of 500
score batch 173 of 500
score batch 174 of 500
score batch 175 of 500
score batch 176 of 500
score batch 177 of 500
score batch 178 of 500
score batch 179 of 500
score batch 180 of 500
score batch 181 of 500
score batch 182 of 500
score batch 183 of 500
score batch 184 of 500
score batch 185 of 500
score batch 186 of 500
score batch 187 of 500
score batch 188 of 500
score batch 189 of 500
score batch 190 of 500
score batch 191 of 500
score batch 192 of 500
score batch 193 of 500
score batch 194 of 500
score batch 195 of 500
score batch 196 of 500
score batch 197 of 500
score batch 198 of 500
score batch 199 of 500
score batch 200 of 500
score batch 201 of 500
score batch 202 of 500
score batch 203 of 500
score batch 204 of 500
score batch 205 of 500
score batch 206 of 500
score batch 207 of 500
score batch 208 of 500
score batch 209 of 500
score batch 210 of 500
score batch 211 of 500
score batch 212 of 500
score batch 213 of 500
score batch 214 of 500
score batch 215 of 500
score batch 216 of 500
score batch 217 of 500
score batch 218 of 500
score batch 219 of 500
score batch 220 of 500
score batch 221 of 500
score batch 222 of 500
score batch 223 of 500
score batch 224 of 500
score batch 225 of 500
score batch 226 of 500
score batch 227 of 500
score batch 228 of 500
score batch 229 of 500
score batch 230 of 500
score batch 231 of 500
score batch 232 of 500
score batch 233 of 500
score batch 234 of 500
score batch 235 of 500
score batch 236 of 500
score batch 237 of 500
score batch 238 of 500
score batch 239 of 500
score batch 240 of 500
score batch 241 of 500
score batch 242 of 500
score batch 243 of 500
score batch 244 of 500
score batch 245 of 500
score batch 246 of 500
score batch 247 of 500
score batch 248 of 500
score batch 249 of 500
score batch 250 of 500
score batch 251 of 500
score batch 252 of 500
score batch 253 of 500
score batch 254 of 500
score batch 255 of 500
score batch 256 of 500
score batch 257 of 500
score batch 258 of 500
score batch 259 of 500
score batch 260 of 500
score batch 261 of 500
score batch 262 of 500
score batch 263 of 500
score batch 264 of 500
score batch 265 of 500
score batch 266 of 500
score batch 267 of 500
score batch 268 of 500
score batch 269 of 500
score batch 270 of 500
score batch 271 of 500
score batch 272 of 500
score batch 273 of 500
score batch 274 of 500
score batch 275 of 500
score batch 276 of 500
score batch 277 of 500
score batch 278 of 500
score batch 279 of 500
score batch 280 of 500
score batch 281 of 500
score batch 282 of 500
score batch 283 of 500
score batch 284 of 500
score batch 285 of 500
score batch 286 of 500
score batch 287 of 500
score batch 288 of 500
score batch 289 of 500
score batch 290 of 500
score batch 291 of 500
score batch 292 of 500
score batch 293 of 500
score batch 294 of 500
score batch 295 of 500
score batch 296 of 500
score batch 297 of 500
score batch 298 of 500
score batch 299 of 500
score batch 300 of 500
score batch 301 of 500
score batch 302 of 500
score batch 303 of 500
score batch 304 of 500
score batch 305 of 500
score batch 306 of 500
score batch 307 of 500
score batch 308 of 500
score batch 309 of 500
score batch 310 of 500
score batch 311 of 500
score batch 312 of 500
score batch 313 of 500
score batch 314 of 500
score batch 315 of 500
score batch 316 of 500
score batch 317 of 500
score batch 318 of 500
score batch 319 of 500
score batch 320 of 500
score batch 321 of 500
score batch 322 of 500
score batch 323 of 500
score batch 324 of 500
score batch 325 of 500
score batch 326 of 500
score batch 327 of 500
score batch 328 of 500
score batch 329 of 500
score batch 330 of 500
score batch 331 of 500
score batch 332 of 500
score batch 333 of 500
score batch 334 of 500
score batch 335 of 500
score batch 336 of 500
score batch 337 of 500
score batch 338 of 500
score batch 339 of 500
score batch 340 of 500
score batch 341 of 500
score batch 342 of 500
score batch 343 of 500
score batch 344 of 500
score batch 345 of 500
score batch 346 of 500
score batch 347 of 500
score batch 348 of 500
score batch 349 of 500
score batch 350 of 500
score batch 351 of 500
score batch 352 of 500
score batch 353 of 500
score batch 354 of 500
score batch 355 of 500
score batch 356 of 500
score batch 357 of 500
score batch 358 of 500
score batch 359 of 500
score batch 360 of 500
score batch 361 of 500
score batch 362 of 500
score batch 363 of 500
score batch 364 of 500
score batch 365 of 500
score batch 366 of 500
score batch 367 of 500
score batch 368 of 500
score batch 369 of 500
score batch 370 of 500
score batch 371 of 500
score batch 372 of 500
score batch 373 of 500
score batch 374 of 500
score batch 375 of 500
score batch 376 of 500
score batch 377 of 500
score batch 378 of 500
score batch 379 of 500
score batch 380 of 500
score batch 381 of 500
score batch 382 of 500
score batch 383 of 500
score batch 384 of 500
score batch 385 of 500
score batch 386 of 500
score batch 387 of 500
score batch 388 of 500
score batch 389 of 500
score batch 390 of 500
score batch 391 of 500
score batch 392 of 500
score batch 393 of 500
score batch 394 of 500
score batch 395 of 500
score batch 396 of 500
score batch 397 of 500
score batch 398 of 500
score batch 399 of 500
score batch 400 of 500
score batch 401 of 500
score batch 402 of 500
score batch 403 of 500
score batch 404 of 500
score batch 405 of 500
score batch 406 of 500
score batch 407 of 500
score batch 408 of 500
score batch 409 of 500
score batch 410 of 500
score batch 411 of 500
score batch 412 of 500
score batch 413 of 500
score batch 414 of 500
score batch 415 of 500
score batch 416 of 500
score batch 417 of 500
score batch 418 of 500
score batch 419 of 500
score batch 420 of 500
score batch 421 of 500
score batch 422 of 500
score batch 423 of 500
score batch 424 of 500
score batch 425 of 500
score batch 426 of 500
score batch 427 of 500
score batch 428 of 500
score batch 429 of 500
score batch 430 of 500
score batch 431 of 500
score batch 432 of 500
score batch 433 of 500
score batch 434 of 500
score batch 435 of 500
score batch 436 of 500
score batch 437 of 500
score batch 438 of 500
score batch 439 of 500
score batch 440 of 500
score batch 441 of 500
score batch 442 of 500
score batch 443 of 500
score batch 444 of 500
score batch 445 of 500
score batch 446 of 500
score batch 447 of 500
score batch 448 of 500
score batch 449 of 500
score batch 450 of 500
score batch 451 of 500
score batch 452 of 500
score batch 453 of 500
score batch 454 of 500
score batch 455 of 500
score batch 456 of 500
score batch 457 of 500
score batch 458 of 500
score batch 459 of 500
score batch 460 of 500
score batch 461 of 500
score batch 462 of 500
score batch 463 of 500
score batch 464 of 500
score batch 465 of 500
score batch 466 of 500
score batch 467 of 500
score batch 468 of 500
score batch 469 of 500
score batch 470 of 500
score batch 471 of 500
score batch 472 of 500
score batch 473 of 500
score batch 474 of 500
score batch 475 of 500
score batch 476 of 500
score batch 477 of 500
score batch 478 of 500
score batch 479 of 500
score batch 480 of 500
score batch 481 of 500
score batch 482 of 500
score batch 483 of 500
score batch 484 of 500
score batch 485 of 500
score batch 486 of 500
score batch 487 of 500
score batch 488 of 500
score batch 489 of 500
score batch 490 of 500
score batch 491 of 500
score batch 492 of 500
score batch 493 of 500
score batch 494 of 500
score batch 495 of 500
score batch 496 of 500
score batch 497 of 500
score batch 498 of 500
score batch 499 of 500
score batch 500 of 500
