WARNING:tensorflow:From /home/lixiang/miniconda3_old/envs/data_diet/lib/python3.7/site-packages/tensorflow_datasets/core/dataset_builder.py:622: get_single_element (from tensorflow.python.data.experimental.ops.get_single_element) is deprecated and will be removed in a future version.
Instructions for updating:
Use `tf.data.Dataset.get_single_element()`.
load cifar10... 14s
get train state... 12s
train args:
{
    "data_dir": "/home/lixiang/baseline/data_diet/data",
    "dataset": "cifar10",
    "subset": null,
    "subset_size": null,
    "scores_path": null,
    "subset_offset": null,
    "random_subset_seed": null,
    "model": "resnet18_lowres",
    "model_seed": 22,
    "load_dir": null,
    "ckpt": 0,
    "lr": 0.1,
    "beta": 0.9,
    "weight_decay": 0.0005,
    "nesterov": true,
    "lr_vitaly": false,
    "decay_factor": 0.2,
    "decay_steps": [
        93780,
        187560,
        250080
    ],
    "num_steps": 312600,
    "train_seed": 22,
    "train_batch_size": 32,
    "test_batch_size": 128,
    "augment": true,
    "track_forgetting": true,
    "save_dir": "/home/lixiang/baseline/data_diet/exps/formal_cifar10_seed22_E200_b32_k8/run_0",
    "log_steps": 1563,
    "early_step": 0,
    "early_save_steps": null,
    "save_steps": 1563,
    "image_shape": [
        32,
        32,
        3
    ],
    "num_classes": 10,
    "num_train_examples": 50000,
    "num_test_examples": 10000,
    "steps_per_epoch": 1562,
    "steps_per_test": 79,
    "random_label_fraction": 0,
    "num_params": 11173962
}
Save args to /home/lixiang/baseline/data_diet/exps/formal_cifar10_seed22_E200_b32_k8/run_0/args.json
train net...
  0.00% | time:  20.7s (  0.3m) | step:      0 | lr:   init | train acc:  init | test acc: 0.113
  0.50% | time: 121.9s (  2.4m) | step:   1563 | lr: 0.1000 | train acc: 0.406 | test acc: 0.435
  1.00% | time: 102.0s (  4.1m) | step:   3126 | lr: 0.1000 | train acc: 0.531 | test acc: 0.544
  1.50% | time:  96.2s (  5.7m) | step:   4689 | lr: 0.1000 | train acc: 0.562 | test acc: 0.649
  2.00% | time:  96.1s (  7.3m) | step:   6252 | lr: 0.1000 | train acc: 0.688 | test acc: 0.590
  2.50% | time:  96.3s (  8.9m) | step:   7815 | lr: 0.1000 | train acc: 0.812 | test acc: 0.732
  3.00% | time:  96.3s ( 10.5m) | step:   9378 | lr: 0.1000 | train acc: 0.625 | test acc: 0.730
  3.50% | time:  95.5s ( 12.1m) | step:  10941 | lr: 0.1000 | train acc: 0.719 | test acc: 0.689
  4.00% | time:  96.7s ( 13.7m) | step:  12504 | lr: 0.1000 | train acc: 0.875 | test acc: 0.761
  4.50% | time:  97.4s ( 15.3m) | step:  14067 | lr: 0.1000 | train acc: 0.625 | test acc: 0.708
  5.00% | time:  97.2s ( 16.9m) | step:  15630 | lr: 0.1000 | train acc: 0.719 | test acc: 0.756
  5.50% | time:  98.2s ( 18.6m) | step:  17193 | lr: 0.1000 | train acc: 0.562 | test acc: 0.722
  6.00% | time:  97.0s ( 20.2m) | step:  18756 | lr: 0.1000 | train acc: 0.781 | test acc: 0.694
  6.50% | time:  98.2s ( 21.8m) | step:  20319 | lr: 0.1000 | train acc: 0.719 | test acc: 0.757
  7.00% | time:  96.0s ( 23.4m) | step:  21882 | lr: 0.1000 | train acc: 0.812 | test acc: 0.764
  7.50% | time:  97.8s ( 25.1m) | step:  23445 | lr: 0.1000 | train acc: 0.688 | test acc: 0.742
  8.00% | time:  97.0s ( 26.7m) | step:  25008 | lr: 0.1000 | train acc: 0.781 | test acc: 0.721
  8.50% | time:  95.8s ( 28.3m) | step:  26571 | lr: 0.1000 | train acc: 0.750 | test acc: 0.671
  9.00% | time:  96.9s ( 29.9m) | step:  28134 | lr: 0.1000 | train acc: 0.750 | test acc: 0.737
  9.50% | time:  96.6s ( 31.5m) | step:  29697 | lr: 0.1000 | train acc: 0.750 | test acc: 0.750
 10.00% | time:  97.7s ( 33.1m) | step:  31260 | lr: 0.1000 | train acc: 0.750 | test acc: 0.775
 10.50% | time:  97.3s ( 34.7m) | step:  32823 | lr: 0.1000 | train acc: 0.906 | test acc: 0.744
 11.00% | time:  96.5s ( 36.4m) | step:  34386 | lr: 0.1000 | train acc: 0.812 | test acc: 0.740
 11.50% | time:  99.8s ( 38.0m) | step:  35949 | lr: 0.1000 | train acc: 0.812 | test acc: 0.749
 12.00% | time:  97.2s ( 39.6m) | step:  37512 | lr: 0.1000 | train acc: 0.844 | test acc: 0.756
 12.50% | time:  98.0s ( 41.3m) | step:  39075 | lr: 0.1000 | train acc: 0.750 | test acc: 0.771
 13.00% | time:  96.6s ( 42.9m) | step:  40638 | lr: 0.1000 | train acc: 0.781 | test acc: 0.737
 13.50% | time:  97.4s ( 44.5m) | step:  42201 | lr: 0.1000 | train acc: 0.750 | test acc: 0.766
 14.00% | time:  97.5s ( 46.1m) | step:  43764 | lr: 0.1000 | train acc: 0.812 | test acc: 0.745
 14.50% | time:  97.9s ( 47.8m) | step:  45327 | lr: 0.1000 | train acc: 0.906 | test acc: 0.758
 15.00% | time:  95.9s ( 49.4m) | step:  46890 | lr: 0.1000 | train acc: 0.719 | test acc: 0.751
 15.50% | time:  98.3s ( 51.0m) | step:  48453 | lr: 0.1000 | train acc: 0.719 | test acc: 0.775
 16.00% | time:  95.4s ( 52.6m) | step:  50016 | lr: 0.1000 | train acc: 0.906 | test acc: 0.749
 16.50% | time:  97.6s ( 54.2m) | step:  51579 | lr: 0.1000 | train acc: 0.875 | test acc: 0.709
 17.00% | time:  96.9s ( 55.8m) | step:  53142 | lr: 0.1000 | train acc: 0.719 | test acc: 0.769
 17.50% | time:  96.8s ( 57.4m) | step:  54705 | lr: 0.1000 | train acc: 0.750 | test acc: 0.714
 18.00% | time:  96.1s ( 59.0m) | step:  56268 | lr: 0.1000 | train acc: 0.812 | test acc: 0.742
 18.50% | time: 139.9s ( 61.4m) | step:  57831 | lr: 0.1000 | train acc: 0.781 | test acc: 0.702
 19.00% | time:  96.3s ( 63.0m) | step:  59394 | lr: 0.1000 | train acc: 0.875 | test acc: 0.751
 19.50% | time:  96.6s ( 64.6m) | step:  60957 | lr: 0.1000 | train acc: 0.719 | test acc: 0.730
 20.00% | time:  95.1s ( 66.2m) | step:  62520 | lr: 0.1000 | train acc: 0.875 | test acc: 0.718
 20.50% | time: 140.3s ( 68.5m) | step:  64083 | lr: 0.1000 | train acc: 0.844 | test acc: 0.759
 21.00% | time:  96.0s ( 70.1m) | step:  65646 | lr: 0.1000 | train acc: 0.781 | test acc: 0.737
 21.50% | time:  97.3s ( 71.7m) | step:  67209 | lr: 0.1000 | train acc: 0.594 | test acc: 0.758
 22.00% | time: 130.2s ( 73.9m) | step:  68772 | lr: 0.1000 | train acc: 0.844 | test acc: 0.730
 22.50% | time:  96.7s ( 75.5m) | step:  70335 | lr: 0.1000 | train acc: 0.906 | test acc: 0.748
 23.00% | time: 101.5s ( 77.2m) | step:  71898 | lr: 0.1000 | train acc: 0.875 | test acc: 0.763
 23.50% | time:  95.0s ( 78.8m) | step:  73461 | lr: 0.1000 | train acc: 0.844 | test acc: 0.742
 24.00% | time:  94.9s ( 80.4m) | step:  75024 | lr: 0.1000 | train acc: 0.812 | test acc: 0.758
 24.50% | time:  94.6s ( 81.9m) | step:  76587 | lr: 0.1000 | train acc: 0.781 | test acc: 0.780
 25.00% | time:  95.3s ( 83.5m) | step:  78150 | lr: 0.1000 | train acc: 0.750 | test acc: 0.655
 25.50% | time:  92.8s ( 85.1m) | step:  79713 | lr: 0.1000 | train acc: 0.781 | test acc: 0.565
 26.00% | time:  94.8s ( 86.7m) | step:  81276 | lr: 0.1000 | train acc: 0.875 | test acc: 0.762
 26.50% | time:  95.1s ( 88.2m) | step:  82839 | lr: 0.1000 | train acc: 0.781 | test acc: 0.748
 27.00% | time:  97.2s ( 89.9m) | step:  84402 | lr: 0.1000 | train acc: 0.812 | test acc: 0.769
 27.50% | time: 121.2s ( 91.9m) | step:  85965 | lr: 0.1000 | train acc: 0.812 | test acc: 0.763
 28.00% | time:  90.8s ( 93.4m) | step:  87528 | lr: 0.1000 | train acc: 0.812 | test acc: 0.728
 28.50% | time:  92.6s ( 94.9m) | step:  89091 | lr: 0.1000 | train acc: 0.562 | test acc: 0.778
 29.00% | time:  93.2s ( 96.5m) | step:  90654 | lr: 0.1000 | train acc: 0.938 | test acc: 0.755
 29.50% | time:  92.8s ( 98.0m) | step:  92217 | lr: 0.1000 | train acc: 0.750 | test acc: 0.759
 30.00% | time:  94.7s ( 99.6m) | step:  93780 | lr: 0.1000 | train acc: 0.781 | test acc: 0.771
 30.50% | time:  90.0s (101.1m) | step:  95343 | lr: 0.0200 | train acc: 0.875 | test acc: 0.883
 31.00% | time:  93.1s (102.7m) | step:  96906 | lr: 0.0200 | train acc: 0.906 | test acc: 0.879
 31.50% | time:  93.5s (104.2m) | step:  98469 | lr: 0.0200 | train acc: 0.906 | test acc: 0.868
 32.00% | time:  93.3s (105.8m) | step: 100032 | lr: 0.0200 | train acc: 0.906 | test acc: 0.876
 32.50% | time:  95.3s (107.4m) | step: 101595 | lr: 0.0200 | train acc: 0.875 | test acc: 0.872
 33.00% | time:  94.6s (109.0m) | step: 103158 | lr: 0.0200 | train acc: 0.906 | test acc: 0.866
 33.50% | time:  96.2s (110.6m) | step: 104721 | lr: 0.0200 | train acc: 0.906 | test acc: 0.867
 34.00% | time:  91.9s (112.1m) | step: 106284 | lr: 0.0200 | train acc: 0.938 | test acc: 0.849
 34.50% | time:  93.4s (113.6m) | step: 107847 | lr: 0.0200 | train acc: 0.875 | test acc: 0.871
 35.00% | time:  86.7s (115.1m) | step: 109410 | lr: 0.0200 | train acc: 0.844 | test acc: 0.868
 35.50% | time:  92.2s (116.6m) | step: 110973 |./run_formal_masks.sh: 行 76: 29422 已杀死               python -  <<PY
from data_diet.train import train
from types import SimpleNamespace

ROOT=r"$ROOT"
args=SimpleNamespace()
args.data_dir = ROOT + "/data"
args.dataset = r"$dataset"

args.subset=None
args.subset_size=None
args.scores_path=None
args.subset_offset=None
args.random_subset_seed=None

args.model=r"$MODEL"
args.model_seed=int($run_seed)
args.load_dir=None
args.ckpt=0

args.lr=float($LR)
args.beta=float($BETA)
args.weight_decay=float($WEIGHT_DECAY)
args.nesterov=True
args.lr_vitaly=False
args.decay_factor=0.2
args.decay_steps=[60*int($spe), 120*int($spe), 160*int($spe)]

args.num_steps=int($num_steps)
args.train_seed=int($run_seed)
args.train_batch_size=int($TRAIN_BATCH)
args.test_batch_size=int($TEST_BATCH)
args.augment=True

args.track_forgetting=True

args.save_dir=r"$save_dir"
args.log_steps=int($spe)
args.early_step=0
args.early_save_steps=None
args.save_steps=int($spe)

train(args)
PY

