WARNING:tensorflow:From /home/lixiang/miniconda3_old/envs/data_diet/lib/python3.7/site-packages/tensorflow_datasets/core/dataset_builder.py:622: get_single_element (from tensorflow.python.data.experimental.ops.get_single_element) is deprecated and will be removed in a future version.
Instructions for updating:
Use `tf.data.Dataset.get_single_element()`.
load cifar10... 14s
get train state... 12s
train args:
{
    "data_dir": "/home/lixiang/baseline/data_diet/data",
    "dataset": "cifar10",
    "subset": null,
    "subset_size": null,
    "scores_path": null,
    "subset_offset": null,
    "random_subset_seed": null,
    "model": "resnet18_lowres",
    "model_seed": 176,
    "load_dir": null,
    "ckpt": 0,
    "lr": 0.1,
    "beta": 0.9,
    "weight_decay": 0.0005,
    "nesterov": true,
    "lr_vitaly": false,
    "decay_factor": 0.2,
    "decay_steps": [
        93780,
        187560,
        250080
    ],
    "num_steps": 312600,
    "train_seed": 176,
    "train_batch_size": 32,
    "test_batch_size": 128,
    "augment": true,
    "track_forgetting": true,
    "save_dir": "/home/lixiang/baseline/data_diet/exps/formal_cifar10_seed22_E200_b32_k8/run_7",
    "log_steps": 1563,
    "early_step": 0,
    "early_save_steps": null,
    "save_steps": 1563,
    "image_shape": [
        32,
        32,
        3
    ],
    "num_classes": 10,
    "num_train_examples": 50000,
    "num_test_examples": 10000,
    "steps_per_epoch": 1562,
    "steps_per_test": 79,
    "random_label_fraction": 0,
    "num_params": 11173962
}
Save args to /home/lixiang/baseline/data_diet/exps/formal_cifar10_seed22_E200_b32_k8/run_7/args.json
train net...
  0.00% | time:  21.2s (  0.4m) | step:      0 | lr:   init | train acc:  init | test acc: 0.105
  0.50% | time: 124.3s (  2.4m) | step:   1563 | lr: 0.1000 | train acc: 0.438 | test acc: 0.499
  1.00% | time: 106.9s (  4.2m) | step:   3126 | lr: 0.1000 | train acc: 0.562 | test acc: 0.635
  1.50% | time: 106.3s (  6.0m) | step:   4689 | lr: 0.1000 | train acc: 0.656 | test acc: 0.676
  2.00% | time: 106.5s (  7.8m) | step:   6252 | lr: 0.1000 | train acc: 0.562 | test acc: 0.652
  2.50% | time: 106.8s (  9.5m) | step:   7815 | lr: 0.1000 | train acc: 0.750 | test acc: 0.731
  3.00% | time: 107.1s ( 11.3m) | step:   9378 | lr: 0.1000 | train acc: 0.812 | test acc: 0.752
  3.50% | time: 106.8s ( 13.1m) | step:  10941 | lr: 0.1000 | train acc: 0.594 | test acc: 0.756
  4.00% | time: 107.2s ( 14.9m) | step:  12504 | lr: 0.1000 | train acc: 0.562 | test acc: 0.730
  4.50% | time: 107.0s ( 16.7m) | step:  14067 | lr: 0.1000 | train acc: 0.719 | test acc: 0.749
  5.00% | time: 106.8s ( 18.4m) | step:  15630 | lr: 0.1000 | train acc: 0.719 | test acc: 0.764
  5.50% | time: 106.6s ( 20.2m) | step:  17193 | lr: 0.1000 | train acc: 0.844 | test acc: 0.766
  6.00% | time: 107.2s ( 22.0m) | step:  18756 | lr: 0.1000 | train acc: 0.688 | test acc: 0.754
  6.50% | time: 107.0s ( 23.8m) | step:  20319 | lr: 0.1000 | train acc: 0.781 | test acc: 0.703
  7.00% | time: 107.3s ( 25.6m) | step:  21882 | lr: 0.1000 | train acc: 0.906 | test acc: 0.753
  7.50% | time: 107.5s ( 27.4m) | step:  23445 | lr: 0.1000 | train acc: 0.656 | test acc: 0.713
  8.00% | time: 106.7s ( 29.1m) | step:  25008 | lr: 0.1000 | train acc: 0.844 | test acc: 0.720
  8.50% | time: 106.2s ( 30.9m) | step:  26571 | lr: 0.1000 | train acc: 0.781 | test acc: 0.706
  9.00% | time: 106.8s ( 32.7m) | step:  28134 | lr: 0.1000 | train acc: 0.812 | test acc: 0.746
  9.50% | time: 107.6s ( 34.5m) | step:  29697 | lr: 0.1000 | train acc: 0.812 | test acc: 0.758
 10.00% | time: 106.5s ( 36.3m) | step:  31260 | lr: 0.1000 | train acc: 0.781 | test acc: 0.722
 10.50% | time: 107.5s ( 38.1m) | step:  32823 | lr: 0.1000 | train acc: 0.719 | test acc: 0.739
 11.00% | time: 106.9s ( 39.8m) | step:  34386 | lr: 0.1000 | train acc: 0.719 | test acc: 0.772
 11.50% | time: 107.1s ( 41.6m) | step:  35949 | lr: 0.1000 | train acc: 0.719 | test acc: 0.671
 12.00% | time: 106.9s ( 43.4m) | step:  37512 | lr: 0.1000 | train acc: 0.812 | test acc: 0.758
 12.50% | time: 107.3s ( 45.2m) | step:  39075 | lr: 0.1000 | train acc: 0.781 | test acc: 0.670
 13.00% | time: 106.4s ( 47.0m) | step:  40638 | lr: 0.1000 | train acc: 0.781 | test acc: 0.782
 13.50% | time: 106.5s ( 48.7m) | step:  42201 | lr: 0.1000 | train acc: 0.844 | test acc: 0.760
 14.00% | time: 106.9s ( 50.5m) | step:  43764 | lr: 0.1000 | train acc: 0.750 | test acc: 0.760
 14.50% | time: 106.8s ( 52.3m) | step:  45327 | lr: 0.1000 | train acc: 0.656 | test acc: 0.682
 15.00% | time: 106.4s ( 54.1m) | step:  46890 | lr: 0.1000 | train acc: 0.688 | test acc: 0.754
 15.50% | time: 107.0s ( 55.9m) | step:  48453 | lr: 0.1000 | train acc: 0.969 | test acc: 0.671
 16.00% | time: 106.8s ( 57.6m) | step:  50016 | lr: 0.1000 | train acc: 0.688 | test acc: 0.776
 16.50% | time: 152.9s ( 60.2m) | step:  51579 | lr: 0.1000 | train acc: 0.844 | test acc: 0.760
 17.00% | time: 110.5s ( 62.0m) | step:  53142 | lr: 0.1000 | train acc: 0.781 | test acc: 0.691
 17.50% | time: 106.6s ( 63.8m) | step:  54705 | lr: 0.1000 | train acc: 0.781 | test acc: 0.749
 18.00% | time: 107.0s ( 65.6m) | step:  56268 | lr: 0.1000 | train acc: 0.719 | test acc: 0.733
 18.50% | time: 124.9s ( 67.7m) | step:  57831 | lr: 0.1000 | train acc: 0.906 | test acc: 0.688
 19.00% | time: 106.0s ( 69.4m) | step:  59394 | lr: 0.1000 | train acc: 0.875 | test acc: 0.789
 19.50% | time: 107.4s ( 71.2m) | step:  60957 | lr: 0.1000 | train acc: 0.750 | test acc: 0.753
 20.00% | time: 138.8s ( 73.5m) | step:  62520 | lr: 0.1000 | train acc: 0.812 | test acc: 0.724
 20.50% | time: 107.7s ( 75.3m) | step:  64083 | lr: 0.1000 | train acc: 0.750 | test acc: 0.783
 21.00% | time: 112.0s ( 77.2m) | step:  65646 | lr: 0.1000 | train acc: 0.781 | test acc: 0.772
 21.50% | time: 105.2s ( 79.0m) | step:  67209 | lr: 0.1000 | train acc: 0.875 | test acc: 0.763
 22.00% | time: 105.3s ( 80.7m) | step:  68772 | lr: 0.1000 | train acc: 0.781 | test acc: 0.726
 22.50% | time: 105.2s ( 82.5m) | step:  70335 | lr: 0.1000 | train acc: 0.750 | test acc: 0.791
 23.00% | time: 105.0s ( 84.2m) | step:  71898 | lr: 0.1000 | train acc: 0.750 | test acc: 0.754
 23.50% | time: 106.4s ( 86.0m) | step:  73461 | lr: 0.1000 | train acc: 0.781 | test acc: 0.730
 24.00% | time: 106.3s ( 87.8m) | step:  75024 | lr: 0.1000 | train acc: 0.750 | test acc: 0.760
 24.50% | time: 108.3s ( 89.6m) | step:  76587 | lr: 0.1000 | train acc: 0.812 | test acc: 0.769
 25.00% | time: 132.9s ( 91.8m) | step:  78150 | lr: 0.1000 | train acc: 0.844 | test acc: 0.727
 25.50% | time: 105.4s ( 93.5m) | step:  79713 | lr: 0.1000 | train acc: 1.000 | test acc: 0.777
 26.00% | time: 101.1s ( 95.2m) | step:  81276 | lr: 0.1000 | train acc: 0.750 | test acc: 0.758
 26.50% | time: 105.0s ( 97.0m) | step:  82839 | lr: 0.1000 | train acc: 0.719 | test acc: 0.747
 27.00% | time: 105.0s ( 98.7m) | step:  84402 | lr: 0.1000 | train acc: 0.750 | test acc: 0.735
 27.50% | time: 105.5s (100.5m) | step:  85965 | lr: 0.1000 | train acc: 0.844 | test acc: 0.755
 28.00% | time: 105.4s (102.2m) | step:  87528 | lr: 0.1000 | train acc: 0.781 | test acc: 0.700
 28.50% | time: 105.4s (104.0m) | step:  89091 | lr: 0.1000 | train acc: 0.750 | test acc: 0.750
 29.00% | time: 104.1s (105.7m) | step:  90654 | lr: 0.1000 | train acc: 0.812 | test acc: 0.777
 29.50% | time: 110.1s (107.6m) | step:  92217 | lr: 0.1000 | train acc: 0.750 | test acc: 0.696
 30.00% | time: 101.4s (109.3m) | step:  93780 | lr: 0.1000 | train acc: 0.969 | test acc: 0.736
 30.50% | time: 105.9s (111.0m) | step:  95343 | lr: 0.0200 | train acc: 0.844 | test acc: 0.881
 31.00% | time: 104.4s (112.8m) | step:  96906 | lr: 0.0200 | train acc: 0.906 | test acc: 0.877
 31.50% | time: 103.7s (114.5m) | step:  98469 | lr: 0.0200 | train acc: 0.781 | test acc: 0.860
 32.00% | time: 103.4s (116.2m) | step: 100032 | lr: 0.0200 | train acc: 1.000 | test acc: 0.871
 32.50% | time: 104.0s (118.0m) | step: 101595 | lr: 0.0200 | train acc: 0.875 | test acc: 0.853
 33.00% | time: 104.0s (119.7m) | step: 103158 | lr: 0.0200 | train acc: 0.938 | test acc: 0.877
 33.50% | time:  98.9s (121.3m) | step: 104721 | lr: 0.0200 | train acc: 0.875 | test acc: 0.869
 34.00% | time: 104.0s (123.1m) | step: 106284 | lr: 0.0200 | train acc: 0.938 | test acc: 0.879
 34.50% | time: 104.6s (124.8m) | step: 107847 | lr: 0.0200 | train acc: 0.938 | test acc: 0.882
 35.00% | time: 104.4s (126.6m) | step: 109410 | lr: 0.0200 | train acc: 0.969 | test acc: 0.853
 35.50% | time: 106.6s (128.3m) | step: 110973 |./run_formal_masks.sh: 行 76: 29435 已杀死               python -  <<PY
from data_diet.train import train
from types import SimpleNamespace

ROOT=r"$ROOT"
args=SimpleNamespace()
args.data_dir = ROOT + "/data"
args.dataset = r"$dataset"

args.subset=None
args.subset_size=None
args.scores_path=None
args.subset_offset=None
args.random_subset_seed=None

args.model=r"$MODEL"
args.model_seed=int($run_seed)
args.load_dir=None
args.ckpt=0

args.lr=float($LR)
args.beta=float($BETA)
args.weight_decay=float($WEIGHT_DECAY)
args.nesterov=True
args.lr_vitaly=False
args.decay_factor=0.2
args.decay_steps=[60*int($spe), 120*int($spe), 160*int($spe)]

args.num_steps=int($num_steps)
args.train_seed=int($run_seed)
args.train_batch_size=int($TRAIN_BATCH)
args.test_batch_size=int($TEST_BATCH)
args.augment=True

args.track_forgetting=True

args.save_dir=r"$save_dir"
args.log_steps=int($spe)
args.early_step=0
args.early_save_steps=None
args.save_steps=int($spe)

train(args)
PY

